<?xml version="1.0" encoding="UTF-8"?>
<!-- Generated by org.testng.reporters.JUnitReportReporter -->
<testsuite skipped="0" hostname="Vittal" name="qaclickacademy.APITest" tests="2" failures="0" timestamp="2022-04-01T21:04:25 IST" time="0.008" errors="0">
  <testcase name="DeleteTwitter" time="0.007" classname="qaclickacademy.APITest"/>
  <system-out/>
  <testcase name="postJira" time="0.001" classname="qaclickacademy.APITest"/>
  <system-out/>
</testsuite> <!-- qaclickacademy.APITest -->
